Proceso 6052: read (2024-02-19 09:29:40
)
Proceso 6051: write (2024-02-19 09:29:40
)
Proceso 6051: write (2024-02-19 09:29:41
)
Proceso 6052: write (2024-02-19 09:29:42
)
Proceso 6051: read (2024-02-19 09:29:42
)
Proceso 6052: seek (2024-02-19 09:29:43
)
Proceso 6051: write (2024-02-19 09:29:43
)
Proceso 6052: write (2024-02-19 09:29:45
)
Proceso 6052: write (2024-02-19 09:29:46
)
Proceso 6051: read (2024-02-19 09:29:46
)
Proceso 6051: read (2024-02-19 09:29:47
)
Proceso 6052: write (2024-02-19 09:29:49
)
Proceso 6051: write (2024-02-19 09:29:49
)
Proceso 6052: read (2024-02-19 09:29:50
)
Proceso 6052: seek (2024-02-19 09:29:51
)
Proceso 6051: read (2024-02-19 09:29:51
)
Proceso 6051: read (2024-02-19 09:29:52
)
Proceso 6051: write (2024-02-19 09:29:53
)
Proceso 6052: read (2024-02-19 09:29:54
)
Proceso 6052: seek (2024-02-19 09:29:55
)
Proceso 6051: seek (2024-02-19 09:29:56
)
Proceso 6052: seek (2024-02-19 09:29:57
)
Proceso 6052: write (2024-02-19 09:29:58
)
Proceso 6051: write (2024-02-19 09:29:59
)
Proceso 6052: seek (2024-02-19 09:29:59
)
Proceso 6052: seek (2024-02-19 09:30:01
)
Proceso 6051: seek (2024-02-19 09:30:02
)
Proceso 6052: write (2024-02-19 09:30:02
)
Proceso 6051: read (2024-02-19 09:30:05
)
Proceso 6052: read (2024-02-19 09:30:05
)
Proceso 6051: write (Proceso 6052: write (2024-02-19 09:30:06
)
2024-02-19 09:30:06
)
Proceso 6052: read (2024-02-19 09:30:08
)
Proceso 6051: write (2024-02-19 09:30:09
)
Proceso 6051: seek (2024-02-19 09:30:10
)
Proceso 6051: seek (Proceso 6052: seek (2024-02-19 09:30:11
2024-02-19 09:30:11
)
)
